<?xml version="1.0" encoding="UTF-8"?>
<!-- Generated by org.testng.reporters.JUnitReportReporter -->
<testsuite skipped="0" hostname="Rajni" name="applicationTest.ApplicationTest" tests="2" failures="0" timestamp="02 Aug 2018 19:44:56 GMT" time="18.702" errors="0">
  <testcase name="loginTest" time="12.188" classname="applicationTest.ApplicationTest"/>
  <testcase name="addToCartTest" time="6.514" classname="applicationTest.ApplicationTest"/>
</testsuite> <!-- applicationTest.ApplicationTest -->
